<?xml version="1.0" encoding="UTF-8"?>
<robot generator="Robot 4.1.3 (Python 3.10.2 on win32)" generated="20220316 13:09:08.168" rpa="false" schemaversion="2">
<suite id="s1" name="testDemo2" source="E:\PythonRobotFrameworkWorspace\tests\testDemo2.robot">
<test id="s1-t1" name="Validate Cards display in the Shopping Page">
<kw name="Open the browser with the Mortgage payment url" library="resource" type="SETUP">
<kw name="Create Webdriver" library="SeleniumLibrary">
<arg>Chrome</arg>
<arg>executable_path=C:/Users/panda/Downloads/chromedriver_win32/chromedriver.exe</arg>
<doc>Creates an instance of Selenium WebDriver.</doc>
<msg timestamp="20220316 13:09:10.423" level="INFO">Creating an instance of the Chrome WebDriver.</msg>
<status status="PASS" starttime="20220316 13:09:10.422" endtime="20220316 13:09:20.829"/>
</kw>
<kw name="Go To" library="SeleniumLibrary">
<arg>${url}</arg>
<doc>Navigates the current browser window to the provided ``url``.</doc>
<msg timestamp="20220316 13:09:20.986" level="INFO">Opening url 'https://rahulshettyacademy.com/loginpagePractise/'</msg>
<status status="PASS" starttime="20220316 13:09:20.984" endtime="20220316 13:09:30.021"/>
</kw>
<kw name="Maximize Browser Window" library="SeleniumLibrary">
<doc>Maximizes current browser window.</doc>
<status status="PASS" starttime="20220316 13:09:30.022" endtime="20220316 13:09:31.101"/>
</kw>
<status status="PASS" starttime="20220316 13:09:10.419" endtime="20220316 13:09:31.112"/>
</kw>
<kw name="Fill the login Form">
<arg>${valid_user_name}</arg>
<arg>${valid_password}</arg>
<kw name="Input Text" library="SeleniumLibrary">
<arg>xpath://input[@id='username']</arg>
<arg>${user_name}</arg>
<doc>Types the given ``text`` into the text field identified by ``locator``.</doc>
<msg timestamp="20220316 13:09:31.126" level="INFO">Typing text 'rahulshettyacademy' into text field 'xpath://input[@id='username']'.</msg>
<status status="PASS" starttime="20220316 13:09:31.116" endtime="20220316 13:09:32.309"/>
</kw>
<kw name="Input Password" library="SeleniumLibrary">
<arg>id:password</arg>
<arg>${password}</arg>
<doc>Types the given password into the text field identified by ``locator``.</doc>
<msg timestamp="20220316 13:09:32.315" level="INFO">Typing password into text field 'id:password'.</msg>
<msg timestamp="20220316 13:09:32.526" level="INFO">Temporally setting log level to: NONE</msg>
<msg timestamp="20220316 13:09:32.890" level="INFO">Log level changed from NONE to INFO.</msg>
<status status="PASS" starttime="20220316 13:09:32.313" endtime="20220316 13:09:32.890"/>
</kw>
<kw name="Click Button" library="SeleniumLibrary">
<arg>css:input[id='signInBtn']</arg>
<doc>Clicks the button identified by ``locator``.</doc>
<msg timestamp="20220316 13:09:32.893" level="INFO">Clicking button 'css:input[id='signInBtn']'.</msg>
<status status="PASS" starttime="20220316 13:09:32.891" endtime="20220316 13:09:33.324"/>
</kw>
<status status="PASS" starttime="20220316 13:09:31.114" endtime="20220316 13:09:33.325"/>
</kw>
<kw name="wait until Element Is Visibles">
<arg>${Home_Icon}</arg>
<kw name="Wait Until Element Is Visible" library="SeleniumLibrary">
<arg>${Element}</arg>
<doc>Waits until the element ``locator`` is visible.</doc>
<status status="PASS" starttime="20220316 13:09:33.328" endtime="20220316 13:10:13.510"/>
</kw>
<status status="PASS" starttime="20220316 13:09:33.326" endtime="20220316 13:10:13.511"/>
</kw>
<kw name="Verify CardTitles in the shop page">
<kw name="Create List" library="BuiltIn">
<var>@{expectedList}</var>
<arg>iphone X</arg>
<arg>Samsung Note 8</arg>
<arg>Nokia Edge</arg>
<arg>Blackberry</arg>
<doc>Returns a list containing given items.</doc>
<msg timestamp="20220316 13:10:13.515" level="INFO">@{expectedList} = [ iphone X | Samsung Note 8 | Nokia Edge | Blackberry ]</msg>
<status status="PASS" starttime="20220316 13:10:13.513" endtime="20220316 13:10:13.515"/>
</kw>
<kw name="Get WebElements" library="SeleniumLibrary">
<var>${elements}</var>
<arg>xpath://h4[@class='card-title']</arg>
<doc>Returns a list of WebElement objects matching the ``locator``.</doc>
<msg timestamp="20220316 13:10:13.537" level="INFO">${elements} = [&lt;selenium.webdriver.remote.webelement.WebElement (session="7c7c5b91679a30f9097b14d2f890aaa9", element="7445db2b-73e7-4793-ae05-6dd3694d5f06")&gt;, &lt;selenium.webdriver.remote.webelement.WebElement (sessi...</msg>
<status status="PASS" starttime="20220316 13:10:13.515" endtime="20220316 13:10:13.537"/>
</kw>
<kw name="Create List" library="BuiltIn">
<var>@{actualList}</var>
<doc>Returns a list containing given items.</doc>
<msg timestamp="20220316 13:10:13.539" level="INFO">@{actualList} = [ ]</msg>
<status status="PASS" starttime="20220316 13:10:13.538" endtime="20220316 13:10:13.539"/>
</kw>
<for flavor="IN">
<var>${element}</var>
<value>@{elements}</value>
<iter>
<var name="${element}">&lt;selenium.webdriver.remote.webelement.WebElement (session="7c7c5b91679a30f9097b14d2f890aaa9", element="7445db2b-73e7-4793-ae05-6dd3694d5f06")&gt;</var>
<kw name="Log" library="BuiltIn">
<arg>${element.text}</arg>
<doc>Logs the given message with the given level.</doc>
<msg timestamp="20220316 13:10:13.569" level="INFO">iphone X</msg>
<status status="PASS" starttime="20220316 13:10:13.541" endtime="20220316 13:10:13.569"/>
</kw>
<kw name="Append To List" library="Collections">
<arg>${actualList}</arg>
<arg>${element.text}</arg>
<doc>Adds ``values`` to the end of ``list``.</doc>
<status status="PASS" starttime="20220316 13:10:13.570" endtime="20220316 13:10:13.586"/>
</kw>
<status status="PASS" starttime="20220316 13:10:13.540" endtime="20220316 13:10:13.587"/>
</iter>
<iter>
<var name="${element}">&lt;selenium.webdriver.remote.webelement.WebElement (session="7c7c5b91679a30f9097b14d2f890aaa9", element="b2cd0664-43bc-439e-bb40-045bfb2f2f94")&gt;</var>
<kw name="Log" library="BuiltIn">
<arg>${element.text}</arg>
<doc>Logs the given message with the given level.</doc>
<msg timestamp="20220316 13:10:13.621" level="INFO">Samsung Note 8</msg>
<status status="PASS" starttime="20220316 13:10:13.588" endtime="20220316 13:10:13.621"/>
</kw>
<kw name="Append To List" library="Collections">
<arg>${actualList}</arg>
<arg>${element.text}</arg>
<doc>Adds ``values`` to the end of ``list``.</doc>
<status status="PASS" starttime="20220316 13:10:13.621" endtime="20220316 13:10:13.638"/>
</kw>
<status status="PASS" starttime="20220316 13:10:13.587" endtime="20220316 13:10:13.639"/>
</iter>
<iter>
<var name="${element}">&lt;selenium.webdriver.remote.webelement.WebElement (session="7c7c5b91679a30f9097b14d2f890aaa9", element="89f79306-75bf-40c8-96a5-fb040b91f457")&gt;</var>
<kw name="Log" library="BuiltIn">
<arg>${element.text}</arg>
<doc>Logs the given message with the given level.</doc>
<msg timestamp="20220316 13:10:13.668" level="INFO">Nokia Edge</msg>
<status status="PASS" starttime="20220316 13:10:13.640" endtime="20220316 13:10:13.669"/>
</kw>
<kw name="Append To List" library="Collections">
<arg>${actualList}</arg>
<arg>${element.text}</arg>
<doc>Adds ``values`` to the end of ``list``.</doc>
<status status="PASS" starttime="20220316 13:10:13.669" endtime="20220316 13:10:13.685"/>
</kw>
<status status="PASS" starttime="20220316 13:10:13.639" endtime="20220316 13:10:13.686"/>
</iter>
<iter>
<var name="${element}">&lt;selenium.webdriver.remote.webelement.WebElement (session="7c7c5b91679a30f9097b14d2f890aaa9", element="cd52930c-01d2-4dd9-a7d2-6da36b8ef276")&gt;</var>
<kw name="Log" library="BuiltIn">
<arg>${element.text}</arg>
<doc>Logs the given message with the given level.</doc>
<msg timestamp="20220316 13:10:13.715" level="INFO">Blackberry</msg>
<status status="PASS" starttime="20220316 13:10:13.687" endtime="20220316 13:10:13.716"/>
</kw>
<kw name="Append To List" library="Collections">
<arg>${actualList}</arg>
<arg>${element.text}</arg>
<doc>Adds ``values`` to the end of ``list``.</doc>
<status status="PASS" starttime="20220316 13:10:13.716" endtime="20220316 13:10:13.732"/>
</kw>
<status status="PASS" starttime="20220316 13:10:13.686" endtime="20220316 13:10:13.732"/>
</iter>
<status status="PASS" starttime="20220316 13:10:13.539" endtime="20220316 13:10:13.743"/>
</for>
<kw name="Lists Should Be Equal" library="Collections">
<arg>${expectedList}</arg>
<arg>${actualList}</arg>
<doc>Fails if given lists are unequal.</doc>
<status status="PASS" starttime="20220316 13:10:13.743" endtime="20220316 13:10:13.745"/>
</kw>
<status status="PASS" starttime="20220316 13:10:13.512" endtime="20220316 13:10:13.745"/>
</kw>
<kw name="Select the Card">
<arg>BlackBerry</arg>
<kw name="Get WebElements" library="SeleniumLibrary">
<var>${elements}</var>
<arg>xpath://h4[@class='card-title']</arg>
<doc>Returns a list of WebElement objects matching the ``locator``.</doc>
<msg timestamp="20220316 13:10:13.760" level="INFO">${elements} = [&lt;selenium.webdriver.remote.webelement.WebElement (session="7c7c5b91679a30f9097b14d2f890aaa9", element="7445db2b-73e7-4793-ae05-6dd3694d5f06")&gt;, &lt;selenium.webdriver.remote.webelement.WebElement (sessi...</msg>
<status status="PASS" starttime="20220316 13:10:13.747" endtime="20220316 13:10:13.760"/>
</kw>
<kw name="Set Variable" library="BuiltIn">
<var>${index}</var>
<arg>0</arg>
<doc>Returns the given values which can then be assigned to a variables.</doc>
<msg timestamp="20220316 13:10:13.762" level="INFO">${index} = 0</msg>
<status status="PASS" starttime="20220316 13:10:13.761" endtime="20220316 13:10:13.762"/>
</kw>
<for flavor="IN">
<var>${element}</var>
<value>@{elements}</value>
<iter>
<var name="${element}">&lt;selenium.webdriver.remote.webelement.WebElement (session="7c7c5b91679a30f9097b14d2f890aaa9", element="7445db2b-73e7-4793-ae05-6dd3694d5f06")&gt;</var>
<kw name="Exit For Loop If" library="BuiltIn">
<arg>'${cardName}' == '${element.text}'</arg>
<doc>Stops executing the enclosing for loop if the ``condition`` is true.</doc>
<status status="PASS" starttime="20220316 13:10:13.764" endtime="20220316 13:10:13.780"/>
</kw>
<kw name="Evaluate" library="BuiltIn">
<var>${index}</var>
<arg>${index}+1</arg>
<doc>Evaluates the given expression in Python and returns the result.</doc>
<msg timestamp="20220316 13:10:13.782" level="INFO">${index} = 1</msg>
<status status="PASS" starttime="20220316 13:10:13.780" endtime="20220316 13:10:13.782"/>
</kw>
<status status="PASS" starttime="20220316 13:10:13.763" endtime="20220316 13:10:13.782"/>
</iter>
<iter>
<var name="${element}">&lt;selenium.webdriver.remote.webelement.WebElement (session="7c7c5b91679a30f9097b14d2f890aaa9", element="b2cd0664-43bc-439e-bb40-045bfb2f2f94")&gt;</var>
<kw name="Exit For Loop If" library="BuiltIn">
<arg>'${cardName}' == '${element.text}'</arg>
<doc>Stops executing the enclosing for loop if the ``condition`` is true.</doc>
<status status="PASS" starttime="20220316 13:10:13.783" endtime="20220316 13:10:13.799"/>
</kw>
<kw name="Evaluate" library="BuiltIn">
<var>${index}</var>
<arg>${index}+1</arg>
<doc>Evaluates the given expression in Python and returns the result.</doc>
<msg timestamp="20220316 13:10:13.801" level="INFO">${index} = 2</msg>
<status status="PASS" starttime="20220316 13:10:13.800" endtime="20220316 13:10:13.801"/>
</kw>
<status status="PASS" starttime="20220316 13:10:13.783" endtime="20220316 13:10:13.802"/>
</iter>
<iter>
<var name="${element}">&lt;selenium.webdriver.remote.webelement.WebElement (session="7c7c5b91679a30f9097b14d2f890aaa9", element="89f79306-75bf-40c8-96a5-fb040b91f457")&gt;</var>
<kw name="Exit For Loop If" library="BuiltIn">
<arg>'${cardName}' == '${element.text}'</arg>
<doc>Stops executing the enclosing for loop if the ``condition`` is true.</doc>
<status status="PASS" starttime="20220316 13:10:13.803" endtime="20220316 13:10:13.823"/>
</kw>
<kw name="Evaluate" library="BuiltIn">
<var>${index}</var>
<arg>${index}+1</arg>
<doc>Evaluates the given expression in Python and returns the result.</doc>
<msg timestamp="20220316 13:10:13.826" level="INFO">${index} = 3</msg>
<status status="PASS" starttime="20220316 13:10:13.824" endtime="20220316 13:10:13.826"/>
</kw>
<status status="PASS" starttime="20220316 13:10:13.802" endtime="20220316 13:10:13.826"/>
</iter>
<iter>
<var name="${element}">&lt;selenium.webdriver.remote.webelement.WebElement (session="7c7c5b91679a30f9097b14d2f890aaa9", element="cd52930c-01d2-4dd9-a7d2-6da36b8ef276")&gt;</var>
<kw name="Exit For Loop If" library="BuiltIn">
<arg>'${cardName}' == '${element.text}'</arg>
<doc>Stops executing the enclosing for loop if the ``condition`` is true.</doc>
<status status="PASS" starttime="20220316 13:10:13.828" endtime="20220316 13:10:13.850"/>
</kw>
<kw name="Evaluate" library="BuiltIn">
<var>${index}</var>
<arg>${index}+1</arg>
<doc>Evaluates the given expression in Python and returns the result.</doc>
<msg timestamp="20220316 13:10:13.852" level="INFO">${index} = 4</msg>
<status status="PASS" starttime="20220316 13:10:13.850" endtime="20220316 13:10:13.852"/>
</kw>
<status status="PASS" starttime="20220316 13:10:13.827" endtime="20220316 13:10:13.852"/>
</iter>
<status status="PASS" starttime="20220316 13:10:13.762" endtime="20220316 13:10:13.852"/>
</for>
<kw name="Click Button" library="SeleniumLibrary">
<arg>xpath:(//div[@class='card-footer']//button)[${index}]</arg>
<doc>Clicks the button identified by ``locator``.</doc>
<msg timestamp="20220316 13:10:13.855" level="INFO">Clicking button 'xpath:(//div[@class='card-footer']//button)[4]'.</msg>
<status status="PASS" starttime="20220316 13:10:13.853" endtime="20220316 13:10:14.014"/>
</kw>
<status status="PASS" starttime="20220316 13:10:13.745" endtime="20220316 13:10:14.015"/>
</kw>
<kw name="Close Browser Session" library="resource" type="TEARDOWN">
<kw name="Close Browser" library="SeleniumLibrary">
<doc>Closes the current browser.</doc>
<status status="PASS" starttime="20220316 13:10:14.019" endtime="20220316 13:10:16.598"/>
</kw>
<status status="PASS" starttime="20220316 13:10:14.017" endtime="20220316 13:10:16.600"/>
</kw>
<status status="PASS" starttime="20220316 13:09:10.417" endtime="20220316 13:10:16.600"/>
</test>
<doc>To validate the Login form</doc>
<status status="PASS" starttime="20220316 13:09:08.230" endtime="20220316 13:10:16.603"/>
</suite>
<statistics>
<total>
<stat pass="1" fail="0" skip="0">All Tests</stat>
</total>
<tag>
</tag>
<suite>
<stat pass="1" fail="0" skip="0" id="s1" name="testDemo2">testDemo2</stat>
</suite>
</statistics>
<errors>
</errors>
</robot>
