<?xml version="1.0" encoding="UTF-8"?>
<robot generator="Robot 4.1.3 (Python 3.10.2 on win32)" generated="20220328 12:46:46.873" rpa="false" schemaversion="2">
<suite id="s1" name="testDemo2CustomLibrary" source="E:\PythonRobotFrameworkWorspace\tests\testDemo2CustomLibrary.robot">
<test id="s1-t1" name="Validate Successful Login">
<kw name="Open the browser with the Mortgage payment url" library="resource" type="SETUP">
<kw name="Log" library="BuiltIn">
<arg>E:/PythonRobotFrameworkWorspace/tests/resources/${browser_name}.exe</arg>
<doc>Logs the given message with the given level.</doc>
<msg timestamp="20220328 12:46:47.893" level="INFO">E:/PythonRobotFrameworkWorspace/tests/resources/Chrome.exe</msg>
<status status="PASS" starttime="20220328 12:46:47.892" endtime="20220328 12:46:47.893"/>
</kw>
<kw name="Evaluate" library="BuiltIn">
<var>${chrome_options}</var>
<arg>sys.modules['selenium.webdriver'].${browser_name}Options()</arg>
<arg>sys, selenium.webdriver</arg>
<doc>Evaluates the given expression in Python and returns the result.</doc>
<msg timestamp="20220328 12:46:47.895" level="INFO">${chrome_options} = &lt;selenium.webdriver.chrome.options.Options object at 0x00000184ED331390&gt;</msg>
<status status="PASS" starttime="20220328 12:46:47.894" endtime="20220328 12:46:47.895"/>
</kw>
<kw name="Call Method" library="BuiltIn">
<arg>${chrome_options}</arg>
<arg>add_argument</arg>
<arg>test-type</arg>
<doc>Calls the named method of the given object with the provided arguments.</doc>
<status status="PASS" starttime="20220328 12:46:47.896" endtime="20220328 12:46:47.897"/>
</kw>
<kw name="Call Method" library="BuiltIn">
<arg>${chrome_options}</arg>
<arg>add_argument</arg>
<arg>--no-sandbox</arg>
<doc>Calls the named method of the given object with the provided arguments.</doc>
<status status="PASS" starttime="20220328 12:46:47.898" endtime="20220328 12:46:47.900"/>
</kw>
<kw name="Call Method" library="BuiltIn">
<arg>${chrome_options}</arg>
<arg>add_argument</arg>
<arg>--disable-extensions</arg>
<doc>Calls the named method of the given object with the provided arguments.</doc>
<status status="PASS" starttime="20220328 12:46:47.900" endtime="20220328 12:46:47.901"/>
</kw>
<kw name="Call Method" library="BuiltIn">
<arg>${chrome_options}</arg>
<arg>add_argument</arg>
<arg>--disable-dev-shm-usage</arg>
<doc>Calls the named method of the given object with the provided arguments.</doc>
<status status="PASS" starttime="20220328 12:46:47.902" endtime="20220328 12:46:47.903"/>
</kw>
<kw name="Call Method" library="BuiltIn">
<arg>${chrome_options}</arg>
<arg>add_argument</arg>
<arg>--disable-gpu</arg>
<doc>Calls the named method of the given object with the provided arguments.</doc>
<status status="PASS" starttime="20220328 12:46:47.903" endtime="20220328 12:46:47.904"/>
</kw>
<kw name="Call Method" library="BuiltIn">
<arg>${chrome_options}</arg>
<arg>add_argument</arg>
<arg>--disable-infobars</arg>
<doc>Calls the named method of the given object with the provided arguments.</doc>
<status status="PASS" starttime="20220328 12:46:47.905" endtime="20220328 12:46:47.906"/>
</kw>
<kw name="Create Webdriver" library="SeleniumLibrary">
<arg>Chrome</arg>
<arg>chrome_options=${chrome_options}</arg>
<arg>executable_path=resources/${browser_name}driver.exe</arg>
<doc>Creates an instance of Selenium WebDriver.</doc>
<msg timestamp="20220328 12:46:47.908" level="INFO">Creating an instance of the Chrome WebDriver.</msg>
<status status="PASS" starttime="20220328 12:46:47.906" endtime="20220328 12:46:50.675"/>
</kw>
<kw name="Go To" library="SeleniumLibrary">
<arg>${url}</arg>
<doc>Navigates the current browser window to the provided ``url``.</doc>
<msg timestamp="20220328 12:46:50.677" level="INFO">Opening url 'https://rahulshettyacademy.com/loginpagePractise/'</msg>
<status status="PASS" starttime="20220328 12:46:50.676" endtime="20220328 12:46:53.843"/>
</kw>
<kw name="Maximize Browser Window" library="SeleniumLibrary">
<doc>Maximizes current browser window.</doc>
<status status="PASS" starttime="20220328 12:46:53.844" endtime="20220328 12:46:54.187"/>
</kw>
<status status="PASS" starttime="20220328 12:46:47.891" endtime="20220328 12:46:54.188"/>
</kw>
<kw name="Fill the login Form">
<arg>${user_name}</arg>
<arg>${password}</arg>
<kw name="Input Text" library="SeleniumLibrary">
<arg>xpath://input[@id='username']</arg>
<arg>${user_name}</arg>
<doc>Types the given ``text`` into the text field identified by ``locator``.</doc>
<msg timestamp="20220328 12:46:54.208" level="INFO">Typing text 'Subhransu' into text field 'xpath://input[@id='username']'.</msg>
<status status="PASS" starttime="20220328 12:46:54.205" endtime="20220328 12:46:55.244"/>
</kw>
<kw name="Input Password" library="SeleniumLibrary">
<arg>id:password</arg>
<arg>${password}</arg>
<doc>Types the given password into the text field identified by ``locator``.</doc>
<msg timestamp="20220328 12:46:55.248" level="INFO">Typing password into text field 'id:password'.</msg>
<msg timestamp="20220328 12:46:55.507" level="INFO">Temporally setting log level to: NONE</msg>
<msg timestamp="20220328 12:46:55.862" level="INFO">Log level changed from NONE to INFO.</msg>
<status status="PASS" starttime="20220328 12:46:55.245" endtime="20220328 12:46:55.863"/>
</kw>
<kw name="Click Button" library="SeleniumLibrary">
<arg>css:input[id='signInBtn']</arg>
<doc>Clicks the button identified by ``locator``.</doc>
<msg timestamp="20220328 12:46:55.867" level="INFO">Clicking button 'css:input[id='signInBtn']'.</msg>
<status status="PASS" starttime="20220328 12:46:55.865" endtime="20220328 12:46:56.251"/>
</kw>
<status status="PASS" starttime="20220328 12:46:54.195" endtime="20220328 12:46:56.252"/>
</kw>
<kw name="wait until Element Is Visibles">
<arg>${Error_Message_Login}</arg>
<kw name="Wait Until Element Is Visible" library="SeleniumLibrary">
<arg>${Element}</arg>
<doc>Waits until the element ``locator`` is visible.</doc>
<status status="PASS" starttime="20220328 12:46:56.257" endtime="20220328 12:46:58.479"/>
</kw>
<status status="PASS" starttime="20220328 12:46:56.254" endtime="20220328 12:46:58.479"/>
</kw>
<kw name="verify error message is correct">
<kw name="Get Text" library="SeleniumLibrary">
<var>${result}</var>
<arg>${Error_Message_Login}</arg>
<doc>Returns the text value of the element identified by ``locator``.</doc>
<msg timestamp="20220328 12:46:58.545" level="INFO">${result} = Incorrect username/password.</msg>
<status status="PASS" starttime="20220328 12:46:58.481" endtime="20220328 12:46:58.545"/>
</kw>
<kw name="Should Be Equal As Strings" library="BuiltIn">
<arg>${result}</arg>
<arg>Incorrect username/password.</arg>
<doc>Fails if objects are unequal after converting them to strings.</doc>
<status status="PASS" starttime="20220328 12:46:58.545" endtime="20220328 12:46:58.546"/>
</kw>
<kw name="Element Text Should Be" library="SeleniumLibrary">
<arg>${Error_Message_Login}</arg>
<arg>Incorrect username/password.</arg>
<doc>Verifies that element ``locator`` contains exact the text ``expected``.</doc>
<msg timestamp="20220328 12:46:58.550" level="INFO">Verifying element 'css:.alert.alert-danger.col-md-12' contains exact text 'Incorrect username/password.'.</msg>
<status status="PASS" starttime="20220328 12:46:58.547" endtime="20220328 12:46:58.586"/>
</kw>
<status status="PASS" starttime="20220328 12:46:58.480" endtime="20220328 12:46:58.587"/>
</kw>
<kw name="Close Browser Session" library="resource" type="TEARDOWN">
<kw name="Close Browser" library="SeleniumLibrary">
<doc>Closes the current browser.</doc>
<status status="PASS" starttime="20220328 12:46:58.591" endtime="20220328 12:47:01.461"/>
</kw>
<status status="PASS" starttime="20220328 12:46:58.589" endtime="20220328 12:47:01.462"/>
</kw>
<status status="PASS" starttime="20220328 12:46:47.889" endtime="20220328 12:47:01.463"/>
</test>
<test id="s1-t2" name="Validate Cards display in the Shopping Page">
<kw name="Open the browser with the Mortgage payment url" library="resource" type="SETUP">
<kw name="Log" library="BuiltIn">
<arg>E:/PythonRobotFrameworkWorspace/tests/resources/${browser_name}.exe</arg>
<doc>Logs the given message with the given level.</doc>
<msg timestamp="20220328 12:47:01.472" level="INFO">E:/PythonRobotFrameworkWorspace/tests/resources/Chrome.exe</msg>
<status status="PASS" starttime="20220328 12:47:01.470" endtime="20220328 12:47:01.472"/>
</kw>
<kw name="Evaluate" library="BuiltIn">
<var>${chrome_options}</var>
<arg>sys.modules['selenium.webdriver'].${browser_name}Options()</arg>
<arg>sys, selenium.webdriver</arg>
<doc>Evaluates the given expression in Python and returns the result.</doc>
<msg timestamp="20220328 12:47:01.474" level="INFO">${chrome_options} = &lt;selenium.webdriver.chrome.options.Options object at 0x00000184ED330B20&gt;</msg>
<status status="PASS" starttime="20220328 12:47:01.473" endtime="20220328 12:47:01.475"/>
</kw>
<kw name="Call Method" library="BuiltIn">
<arg>${chrome_options}</arg>
<arg>add_argument</arg>
<arg>test-type</arg>
<doc>Calls the named method of the given object with the provided arguments.</doc>
<status status="PASS" starttime="20220328 12:47:01.475" endtime="20220328 12:47:01.476"/>
</kw>
<kw name="Call Method" library="BuiltIn">
<arg>${chrome_options}</arg>
<arg>add_argument</arg>
<arg>--no-sandbox</arg>
<doc>Calls the named method of the given object with the provided arguments.</doc>
<status status="PASS" starttime="20220328 12:47:01.477" endtime="20220328 12:47:01.479"/>
</kw>
<kw name="Call Method" library="BuiltIn">
<arg>${chrome_options}</arg>
<arg>add_argument</arg>
<arg>--disable-extensions</arg>
<doc>Calls the named method of the given object with the provided arguments.</doc>
<status status="PASS" starttime="20220328 12:47:01.479" endtime="20220328 12:47:01.481"/>
</kw>
<kw name="Call Method" library="BuiltIn">
<arg>${chrome_options}</arg>
<arg>add_argument</arg>
<arg>--disable-dev-shm-usage</arg>
<doc>Calls the named method of the given object with the provided arguments.</doc>
<status status="PASS" starttime="20220328 12:47:01.481" endtime="20220328 12:47:01.482"/>
</kw>
<kw name="Call Method" library="BuiltIn">
<arg>${chrome_options}</arg>
<arg>add_argument</arg>
<arg>--disable-gpu</arg>
<doc>Calls the named method of the given object with the provided arguments.</doc>
<status status="PASS" starttime="20220328 12:47:01.483" endtime="20220328 12:47:01.484"/>
</kw>
<kw name="Call Method" library="BuiltIn">
<arg>${chrome_options}</arg>
<arg>add_argument</arg>
<arg>--disable-infobars</arg>
<doc>Calls the named method of the given object with the provided arguments.</doc>
<status status="PASS" starttime="20220328 12:47:01.485" endtime="20220328 12:47:01.486"/>
</kw>
<kw name="Create Webdriver" library="SeleniumLibrary">
<arg>Chrome</arg>
<arg>chrome_options=${chrome_options}</arg>
<arg>executable_path=resources/${browser_name}driver.exe</arg>
<doc>Creates an instance of Selenium WebDriver.</doc>
<msg timestamp="20220328 12:47:01.488" level="INFO">Creating an instance of the Chrome WebDriver.</msg>
<status status="PASS" starttime="20220328 12:47:01.486" endtime="20220328 12:47:04.318"/>
</kw>
<kw name="Go To" library="SeleniumLibrary">
<arg>${url}</arg>
<doc>Navigates the current browser window to the provided ``url``.</doc>
<msg timestamp="20220328 12:47:04.334" level="INFO">Opening url 'https://rahulshettyacademy.com/loginpagePractise/'</msg>
<status status="PASS" starttime="20220328 12:47:04.333" endtime="20220328 12:47:06.303"/>
</kw>
<kw name="Maximize Browser Window" library="SeleniumLibrary">
<doc>Maximizes current browser window.</doc>
<status status="PASS" starttime="20220328 12:47:06.303" endtime="20220328 12:47:06.505"/>
</kw>
<status status="PASS" starttime="20220328 12:47:01.469" endtime="20220328 12:47:06.506"/>
</kw>
<kw name="Fill the login Form">
<arg>${valid_user_name}</arg>
<arg>${valid_password}</arg>
<kw name="Input Text" library="SeleniumLibrary">
<arg>xpath://input[@id='username']</arg>
<arg>${user_name}</arg>
<doc>Types the given ``text`` into the text field identified by ``locator``.</doc>
<msg timestamp="20220328 12:47:06.520" level="INFO">Typing text 'rahulshettyacademy' into text field 'xpath://input[@id='username']'.</msg>
<status status="PASS" starttime="20220328 12:47:06.519" endtime="20220328 12:47:07.075"/>
</kw>
<kw name="Input Password" library="SeleniumLibrary">
<arg>id:password</arg>
<arg>${password}</arg>
<doc>Types the given password into the text field identified by ``locator``.</doc>
<msg timestamp="20220328 12:47:07.077" level="INFO">Typing password into text field 'id:password'.</msg>
<msg timestamp="20220328 12:47:07.210" level="INFO">Temporally setting log level to: NONE</msg>
<msg timestamp="20220328 12:47:07.391" level="INFO">Log level changed from NONE to INFO.</msg>
<status status="PASS" starttime="20220328 12:47:07.075" endtime="20220328 12:47:07.391"/>
</kw>
<kw name="Click Button" library="SeleniumLibrary">
<arg>css:input[id='signInBtn']</arg>
<doc>Clicks the button identified by ``locator``.</doc>
<msg timestamp="20220328 12:47:07.392" level="INFO">Clicking button 'css:input[id='signInBtn']'.</msg>
<status status="PASS" starttime="20220328 12:47:07.391" endtime="20220328 12:47:07.587"/>
</kw>
<status status="PASS" starttime="20220328 12:47:06.518" endtime="20220328 12:47:07.588"/>
</kw>
<kw name="wait until Element Is Visibles">
<arg>${Home_Icon}</arg>
<kw name="Wait Until Element Is Visible" library="SeleniumLibrary">
<arg>${Element}</arg>
<doc>Waits until the element ``locator`` is visible.</doc>
<status status="PASS" starttime="20220328 12:47:07.591" endtime="20220328 12:47:13.635"/>
</kw>
<status status="PASS" starttime="20220328 12:47:07.590" endtime="20220328 12:47:13.636"/>
</kw>
<kw name="Verify CardTitles in the shop page">
<kw name="Create List" library="BuiltIn">
<var>@{expectedList}</var>
<arg>iphone X</arg>
<arg>Samsung Note 8</arg>
<arg>Nokia Edge</arg>
<arg>Blackberry</arg>
<doc>Returns a list containing given items.</doc>
<msg timestamp="20220328 12:47:13.641" level="INFO">@{expectedList} = [ iphone X | Samsung Note 8 | Nokia Edge | Blackberry ]</msg>
<status status="PASS" starttime="20220328 12:47:13.640" endtime="20220328 12:47:13.642"/>
</kw>
<kw name="Get WebElements" library="SeleniumLibrary">
<var>${elements}</var>
<arg>xpath://h4[@class='card-title']</arg>
<doc>Returns a list of WebElement objects matching the ``locator``.</doc>
<msg timestamp="20220328 12:47:13.680" level="INFO">${elements} = [&lt;selenium.webdriver.remote.webelement.WebElement (session="a29bd178d85c20251cdfbce1d398756b", element="c69cfbd4-273d-40d0-9c39-0832035e3ecc")&gt;, &lt;selenium.webdriver.remote.webelement.WebElement (sessi...</msg>
<status status="PASS" starttime="20220328 12:47:13.642" endtime="20220328 12:47:13.680"/>
</kw>
<kw name="Create List" library="BuiltIn">
<var>@{actualList}</var>
<doc>Returns a list containing given items.</doc>
<msg timestamp="20220328 12:47:13.682" level="INFO">@{actualList} = [ ]</msg>
<status status="PASS" starttime="20220328 12:47:13.681" endtime="20220328 12:47:13.682"/>
</kw>
<for flavor="IN">
<var>${element}</var>
<value>@{elements}</value>
<iter>
<var name="${element}">&lt;selenium.webdriver.remote.webelement.WebElement (session="a29bd178d85c20251cdfbce1d398756b", element="c69cfbd4-273d-40d0-9c39-0832035e3ecc")&gt;</var>
<kw name="Log" library="BuiltIn">
<arg>${element.text}</arg>
<doc>Logs the given message with the given level.</doc>
<msg timestamp="20220328 12:47:13.724" level="INFO">iphone X</msg>
<status status="PASS" starttime="20220328 12:47:13.684" endtime="20220328 12:47:13.724"/>
</kw>
<kw name="Append To List" library="Collections">
<arg>${actualList}</arg>
<arg>${element.text}</arg>
<doc>Adds ``values`` to the end of ``list``.</doc>
<status status="PASS" starttime="20220328 12:47:13.725" endtime="20220328 12:47:13.747"/>
</kw>
<status status="PASS" starttime="20220328 12:47:13.683" endtime="20220328 12:47:13.747"/>
</iter>
<iter>
<var name="${element}">&lt;selenium.webdriver.remote.webelement.WebElement (session="a29bd178d85c20251cdfbce1d398756b", element="25e5376f-7bf5-48f9-a178-fbafe4c1772f")&gt;</var>
<kw name="Log" library="BuiltIn">
<arg>${element.text}</arg>
<doc>Logs the given message with the given level.</doc>
<msg timestamp="20220328 12:47:13.786" level="INFO">Samsung Note 8</msg>
<status status="PASS" starttime="20220328 12:47:13.748" endtime="20220328 12:47:13.786"/>
</kw>
<kw name="Append To List" library="Collections">
<arg>${actualList}</arg>
<arg>${element.text}</arg>
<doc>Adds ``values`` to the end of ``list``.</doc>
<status status="PASS" starttime="20220328 12:47:13.786" endtime="20220328 12:47:13.809"/>
</kw>
<status status="PASS" starttime="20220328 12:47:13.747" endtime="20220328 12:47:13.809"/>
</iter>
<iter>
<var name="${element}">&lt;selenium.webdriver.remote.webelement.WebElement (session="a29bd178d85c20251cdfbce1d398756b", element="1c61d203-bba6-4c9a-91c1-e6b59e9b0181")&gt;</var>
<kw name="Log" library="BuiltIn">
<arg>${element.text}</arg>
<doc>Logs the given message with the given level.</doc>
<msg timestamp="20220328 12:47:13.881" level="INFO">Nokia Edge</msg>
<status status="PASS" starttime="20220328 12:47:13.810" endtime="20220328 12:47:13.881"/>
</kw>
<kw name="Append To List" library="Collections">
<arg>${actualList}</arg>
<arg>${element.text}</arg>
<doc>Adds ``values`` to the end of ``list``.</doc>
<status status="PASS" starttime="20220328 12:47:13.881" endtime="20220328 12:47:13.911"/>
</kw>
<status status="PASS" starttime="20220328 12:47:13.809" endtime="20220328 12:47:13.911"/>
</iter>
<iter>
<var name="${element}">&lt;selenium.webdriver.remote.webelement.WebElement (session="a29bd178d85c20251cdfbce1d398756b", element="cd017644-3555-42fd-a8e4-543cfd207db9")&gt;</var>
<kw name="Log" library="BuiltIn">
<arg>${element.text}</arg>
<doc>Logs the given message with the given level.</doc>
<msg timestamp="20220328 12:47:13.951" level="INFO">Blackberry</msg>
<status status="PASS" starttime="20220328 12:47:13.912" endtime="20220328 12:47:13.951"/>
</kw>
<kw name="Append To List" library="Collections">
<arg>${actualList}</arg>
<arg>${element.text}</arg>
<doc>Adds ``values`` to the end of ``list``.</doc>
<status status="PASS" starttime="20220328 12:47:13.951" endtime="20220328 12:47:13.983"/>
</kw>
<status status="PASS" starttime="20220328 12:47:13.911" endtime="20220328 12:47:13.983"/>
</iter>
<status status="PASS" starttime="20220328 12:47:13.682" endtime="20220328 12:47:13.983"/>
</for>
<kw name="Lists Should Be Equal" library="Collections">
<arg>${expectedList}</arg>
<arg>${actualList}</arg>
<doc>Fails if given lists are unequal.</doc>
<status status="PASS" starttime="20220328 12:47:13.984" endtime="20220328 12:47:13.985"/>
</kw>
<status status="PASS" starttime="20220328 12:47:13.638" endtime="20220328 12:47:13.985"/>
</kw>
<kw name="Add Items To Cart And Checkout" library="Shop">
<arg>{listofProducts}</arg>
<msg timestamp="20220328 12:47:14.159" level="INFO">Clicking link 'css:li.active&gt;a.nav-link.btn.btn-primary'.</msg>
<msg timestamp="20220328 12:47:14.350" level="INFO">16
iphone X
Samsung Note 8
Nokia Edge
Blackberry</msg>
<status status="PASS" starttime="20220328 12:47:13.986" endtime="20220328 12:47:14.351"/>
</kw>
<kw name="Close Browser Session" library="resource" type="TEARDOWN">
<kw name="Close Browser" library="SeleniumLibrary">
<doc>Closes the current browser.</doc>
<status status="PASS" starttime="20220328 12:47:14.355" endtime="20220328 12:47:17.141"/>
</kw>
<status status="PASS" starttime="20220328 12:47:14.353" endtime="20220328 12:47:17.141"/>
</kw>
<status status="PASS" starttime="20220328 12:47:01.467" endtime="20220328 12:47:17.142"/>
</test>
<doc>To validate the Login form</doc>
<status status="PASS" starttime="20220328 12:46:46.880" endtime="20220328 12:47:17.147"/>
</suite>
<statistics>
<total>
<stat pass="2" fail="0" skip="0">All Tests</stat>
</total>
<tag>
</tag>
<suite>
<stat pass="2" fail="0" skip="0" id="s1" name="testDemo2CustomLibrary">testDemo2CustomLibrary</stat>
</suite>
</statistics>
<errors>
</errors>
</robot>
