<?xml version="1.0" encoding="UTF-8"?>
<robot generator="Robot 4.1.3 (Python 3.10.2 on win32)" generated="20220324 12:17:15.606" rpa="false" schemaversion="2">
<suite id="s1" name="Amazon" source="E:\PythonRobotFrameworkWorspace\tests\Amazon.robot">
<test id="s1-t1" name="Simple Web GUI Test">
<kw name="Open Browser" library="SeleniumLibrary">
<arg>${START_URL}</arg>
<arg>${BROWSER}</arg>
<arg>remote_url=${remote_url}</arg>
<arg>desired_capabilities=${desired_capabilities}</arg>
<doc>Opens a new browser instance to the optional ``url``.</doc>
<msg timestamp="20220324 12:17:16.439" level="INFO">Opening browser 'chrome' to base url 'https://www.amazon.com' through remote server at 'https://oauth-pandasekharsubhransu2020-7c486:f732e0ef-e613-472b-ba22-5c10723153c8@ondemand.eu-central-1.saucelabs.com:443/wd/hub'.</msg>
<status status="PASS" starttime="20220324 12:17:16.437" endtime="20220324 12:17:37.010"/>
</kw>
<kw name="Wait Until Page Contains" library="SeleniumLibrary">
<arg>Hello, Sign in</arg>
<doc>Waits until ``text`` appears on the current page.</doc>
<status status="PASS" starttime="20220324 12:17:37.011" endtime="20220324 12:17:37.617"/>
</kw>
<kw name="Input Text" library="SeleniumLibrary">
<arg>css:#twotabsearchtextbox</arg>
<arg>Ferrari</arg>
<doc>Types the given ``text`` into the text field identified by ``locator``.</doc>
<msg timestamp="20220324 12:17:37.620" level="INFO">Typing text 'Ferrari' into text field 'css:#twotabsearchtextbox'.</msg>
<status status="PASS" starttime="20220324 12:17:37.618" endtime="20220324 12:17:39.294"/>
</kw>
<kw name="Click Button" library="SeleniumLibrary">
<arg>css:#nav-search-submit-button</arg>
<doc>Clicks the button identified by ``locator``.</doc>
<msg timestamp="20220324 12:17:39.296" level="INFO">Clicking button 'css:#nav-search-submit-button'.</msg>
<status status="PASS" starttime="20220324 12:17:39.295" endtime="20220324 12:17:46.468"/>
</kw>
<kw name="Close Browser" library="SeleniumLibrary">
<doc>Closes the current browser.</doc>
<status status="PASS" starttime="20220324 12:17:46.469" endtime="20220324 12:17:46.762"/>
</kw>
<doc>A simple Amazon.com test</doc>
<tag>Smoke</tag>
<status status="PASS" starttime="20220324 12:17:16.435" endtime="20220324 12:17:46.764"/>
</test>
<doc>A simple Amazon.com suite</doc>
<status status="PASS" starttime="20220324 12:17:15.612" endtime="20220324 12:17:46.769"/>
</suite>
<statistics>
<total>
<stat pass="1" fail="0" skip="0">All Tests</stat>
</total>
<tag>
<stat pass="1" fail="0" skip="0">Smoke</stat>
</tag>
<suite>
<stat pass="1" fail="0" skip="0" id="s1" name="Amazon">Amazon</stat>
</suite>
</statistics>
<errors>
</errors>
</robot>
