<?xml version="1.0" encoding="UTF-8"?>
<robot generator="Robot 4.1.3 (Python 3.10.2 on win32)" generated="20220316 13:09:08.167" rpa="false" schemaversion="2">
<suite id="s1" name="testDemo2" source="E:\PythonRobotFrameworkWorspace\tests\testDemo2.robot">
<test id="s1-t1" name="Validate Successful Login">
<kw name="Open the browser with the Mortgage payment url" library="resource" type="SETUP">
<kw name="Create Webdriver" library="SeleniumLibrary">
<arg>Chrome</arg>
<arg>executable_path=C:/Users/panda/Downloads/chromedriver_win32/chromedriver.exe</arg>
<doc>Creates an instance of Selenium WebDriver.</doc>
<msg timestamp="20220316 13:09:10.423" level="INFO">Creating an instance of the Chrome WebDriver.</msg>
<status status="PASS" starttime="20220316 13:09:10.422" endtime="20220316 13:09:20.833"/>
</kw>
<kw name="Go To" library="SeleniumLibrary">
<arg>${url}</arg>
<doc>Navigates the current browser window to the provided ``url``.</doc>
<msg timestamp="20220316 13:09:20.986" level="INFO">Opening url 'https://rahulshettyacademy.com/loginpagePractise/'</msg>
<status status="PASS" starttime="20220316 13:09:20.984" endtime="20220316 13:09:30.190"/>
</kw>
<kw name="Maximize Browser Window" library="SeleniumLibrary">
<doc>Maximizes current browser window.</doc>
<status status="PASS" starttime="20220316 13:09:30.191" endtime="20220316 13:09:31.275"/>
</kw>
<status status="PASS" starttime="20220316 13:09:10.419" endtime="20220316 13:09:31.278"/>
</kw>
<kw name="Fill the login Form">
<arg>${user_name}</arg>
<arg>${password}</arg>
<kw name="Input Text" library="SeleniumLibrary">
<arg>xpath://input[@id='username']</arg>
<arg>${user_name}</arg>
<doc>Types the given ``text`` into the text field identified by ``locator``.</doc>
<msg timestamp="20220316 13:09:31.285" level="INFO">Typing text 'Subhransu' into text field 'xpath://input[@id='username']'.</msg>
<status status="PASS" starttime="20220316 13:09:31.282" endtime="20220316 13:09:32.317"/>
</kw>
<kw name="Input Password" library="SeleniumLibrary">
<arg>id:password</arg>
<arg>${password}</arg>
<doc>Types the given password into the text field identified by ``locator``.</doc>
<msg timestamp="20220316 13:09:32.320" level="INFO">Typing password into text field 'id:password'.</msg>
<msg timestamp="20220316 13:09:32.554" level="INFO">Temporally setting log level to: NONE</msg>
<msg timestamp="20220316 13:09:33.007" level="INFO">Log level changed from NONE to INFO.</msg>
<status status="PASS" starttime="20220316 13:09:32.318" endtime="20220316 13:09:33.008"/>
</kw>
<kw name="Click Button" library="SeleniumLibrary">
<arg>css:input[id='signInBtn']</arg>
<doc>Clicks the button identified by ``locator``.</doc>
<msg timestamp="20220316 13:09:33.010" level="INFO">Clicking button 'css:input[id='signInBtn']'.</msg>
<status status="PASS" starttime="20220316 13:09:33.008" endtime="20220316 13:09:33.481"/>
</kw>
<status status="PASS" starttime="20220316 13:09:31.279" endtime="20220316 13:09:33.482"/>
</kw>
<kw name="wait until Element Is Visibles">
<arg>${Error_Message_Login}</arg>
<kw name="Wait Until Element Is Visible" library="SeleniumLibrary">
<arg>${Element}</arg>
<doc>Waits until the element ``locator`` is visible.</doc>
<status status="PASS" starttime="20220316 13:09:33.492" endtime="20220316 13:09:35.686"/>
</kw>
<status status="PASS" starttime="20220316 13:09:33.483" endtime="20220316 13:09:35.688"/>
</kw>
<kw name="verify error message is correct">
<kw name="Get Text" library="SeleniumLibrary">
<var>${result}</var>
<arg>${Error_Message_Login}</arg>
<doc>Returns the text value of the element identified by ``locator``.</doc>
<msg timestamp="20220316 13:09:36.329" level="INFO">${result} = Incorrect username/password.</msg>
<status status="PASS" starttime="20220316 13:09:35.692" endtime="20220316 13:09:36.330"/>
</kw>
<kw name="Should Be Equal As Strings" library="BuiltIn">
<arg>${result}</arg>
<arg>Incorrect username/password.</arg>
<doc>Fails if objects are unequal after converting them to strings.</doc>
<status status="PASS" starttime="20220316 13:09:36.331" endtime="20220316 13:09:36.333"/>
</kw>
<kw name="Element Text Should Be" library="SeleniumLibrary">
<arg>${Error_Message_Login}</arg>
<arg>Incorrect username/password.</arg>
<doc>Verifies that element ``locator`` contains exact the text ``expected``.</doc>
<msg timestamp="20220316 13:09:36.339" level="INFO">Verifying element 'css:.alert.alert-danger.col-md-12' contains exact text 'Incorrect username/password.'.</msg>
<status status="PASS" starttime="20220316 13:09:36.335" endtime="20220316 13:09:36.580"/>
</kw>
<status status="PASS" starttime="20220316 13:09:35.689" endtime="20220316 13:09:36.581"/>
</kw>
<kw name="Close Browser Session" library="resource" type="TEARDOWN">
<kw name="Close Browser" library="SeleniumLibrary">
<doc>Closes the current browser.</doc>
<status status="PASS" starttime="20220316 13:09:36.585" endtime="20220316 13:09:43.964"/>
</kw>
<status status="PASS" starttime="20220316 13:09:36.583" endtime="20220316 13:09:43.965"/>
</kw>
<status status="PASS" starttime="20220316 13:09:10.417" endtime="20220316 13:09:43.966"/>
</test>
<doc>To validate the Login form</doc>
<status status="PASS" starttime="20220316 13:09:08.230" endtime="20220316 13:09:43.970"/>
</suite>
<statistics>
<total>
<stat pass="1" fail="0" skip="0">All Tests</stat>
</total>
<tag>
</tag>
<suite>
<stat pass="1" fail="0" skip="0" id="s1" name="testDemo2">testDemo2</stat>
</suite>
</statistics>
<errors>
</errors>
</robot>
